<?xml version="1.0" encoding="UTF-8"?>
<!-- Generated by org.testng.reporters.JUnitReportReporter -->
<testsuite hostname="hw1819.cignitiglobal.com" name="flynas.ios.uat.reg.TC10_AnonymousOneAdultOneChildFlexCordShare" tests="1" failures="0" timestamp="24 May 2018 10:39:23 GMT" time="274.575" errors="1">
  <testcase name="TC_10_AnonymousOneAdultOneChildFlexCordShare" time="274.575" classname="flynas.ios.uat.reg.TC10_AnonymousOneAdultOneChildFlexCordShare">
    <error type="java.lang.AssertionError" message="Step verifying if bundles are displayed with code share flights Failed with description Bundles Displayed expected [true] but found [false]">
      <![CDATA[java.lang.AssertionError: Step verifying if bundles are displayed with code share flights Failed with description Bundles Displayed expected [true] but found [false]
	at org.testng.Assert.fail(Assert.java:94)
	at org.testng.Assert.failNotEquals(Assert.java:494)
	at org.testng.Assert.assertTrue(Assert.java:42)
	at com.ctaf.support.HtmlReportSupport.onFailure(HtmlReportSupport.java:779)
	at com.ctaf.utilities.Reporter.failureReport(Reporter.java:91)
	at flynas.ios.workflows.BookingPageFlow.selectClasswithCodeshare(BookingPageFlow.java:430)
	at flynas.ios.uat.reg.TC10_AnonymousOneAdultOneChildFlexCordShare.TC_10_AnonymousOneAdultOneChildFlexCordShare(TC10_AnonymousOneAdultOneChildFlexCordShare.java:38)
	at sun.reflect.NativeMethodAccessorImpl.invoke0(Native Method)
	at sun.reflect.NativeMethodAccessorImpl.invoke(NativeMethodAccessorImpl.java:62)
	at sun.reflect.DelegatingMethodAccessorImpl.invoke(DelegatingMethodAccessorImpl.java:43)
	at java.lang.reflect.Method.invoke(Method.java:497)
	at org.testng.internal.MethodInvocationHelper.invokeMethod(MethodInvocationHelper.java:80)
	at org.testng.internal.Invoker.invokeMethod(Invoker.java:714)
	at org.testng.internal.Invoker.invokeTestMethod(Invoker.java:901)
	at org.testng.internal.Invoker.invokeTestMethods(Invoker.java:1231)
	at org.testng.internal.TestMethodWorker.invokeTestMethods(TestMethodWorker.java:127)
	at org.testng.internal.TestMethodWorker.run(TestMethodWorker.java:111)
	at org.testng.TestRunner.privateRun(TestRunner.java:767)
	at org.testng.TestRunner.run(TestRunner.java:617)
	at org.testng.SuiteRunner.runTest(SuiteRunner.java:334)
	at org.testng.SuiteRunner.runSequentially(SuiteRunner.java:329)
	at org.testng.SuiteRunner.privateRun(SuiteRunner.java:291)
	at org.testng.SuiteRunner.run(SuiteRunner.java:240)
	at org.testng.SuiteRunnerWorker.runSuite(SuiteRunnerWorker.java:52)
	at org.testng.SuiteRunnerWorker.run(SuiteRunnerWorker.java:86)
	at org.testng.TestNG.runSuitesSequentially(TestNG.java:1198)
	at org.testng.TestNG.runSuitesLocally(TestNG.java:1123)
	at org.testng.TestNG.run(TestNG.java:1031)
	at org.testng.remote.AbstractRemoteTestNG.run(AbstractRemoteTestNG.java:132)
	at org.testng.remote.RemoteTestNG.initAndRun(RemoteTestNG.java:230)
	at org.testng.remote.RemoteTestNG.main(RemoteTestNG.java:76)
]]>
    </error>
  </testcase> <!-- TC_10_AnonymousOneAdultOneChildFlexCordShare -->
</testsuite> <!-- flynas.ios.uat.reg.TC10_AnonymousOneAdultOneChildFlexCordShare -->
