<?xml version="1.0" encoding="UTF-8"?>
<!-- Generated by org.testng.reporters.JUnitReportReporter -->
<testsuite hostname="HW1819.local" name="flynas.ios.Prod.routes;.TC66_oneWayDomesticFlex_RUH_MED" tests="1" failures="1" timestamp="8 Aug 2017 12:30:42 GMT" time="397.207" errors="0">
  <testcase name="TC_66_oneWayDomesticFlex_RUH_MED" time="397.207" classname="flynas.ios.Prod.routes;.TC66_oneWayDomesticFlex_RUH_MED">
    <failure type="org.openqa.selenium.WebDriverException" message="An unknown server-side error occurred while processing the command. Original error: Could not proxy command to remote server. Original error: Error: socket hang up (WARNING: The server did not provide any stacktrace information)
Command duration or timeout: 9.14 seconds
Build info: version: &#039;3.0.1&#039;, revision: &#039;1969d75&#039;, time: &#039;2016-10-18 09:49:13 -0700&#039;
System info: host: &#039;HW1819.local&#039;, ip: &#039;10.99.99.7&#039;, os.name: &#039;Mac OS X&#039;, os.arch: &#039;x86_64&#039;, os.version: &#039;10.11.6&#039;, java.version: &#039;1.8.0_65&#039;
Driver info: io.appium.java_client.ios.IOSDriver
Capabilities [{app=/Users/ctl-user/Documents/workspace_Flynas/Flynas/iOSApp/flynas-iOS-dotRez-build159.ipa, networkConnectionEnabled=false, noReset=true, bundleId=com.flynas.mobile, autoDismissAlerts=true, databaseEnabled=false, deviceName=MacBook Pro&#039;s iphone, launchTimeout=10000, platform=MAC, newCommandTimeout=8000, platformVersion=9.3.2, webStorageEnabled=false, locationContextEnabled=false, automationName=XCuiTest, browserName=, takesScreenshot=true, waitForAppScript=target.elements().length &gt; 0; $.delay(8000); $.acceptAlert();, javascriptEnabled=true, platformName=iOS, udid=f307085770974962e9c9d2461d4d1fb33f3ad433}]
Session ID: a46e16ed-c16f-449d-8cdd-defe44022ead">
      <![CDATA[org.openqa.selenium.WebDriverException: An unknown server-side error occurred while processing the command. Original error: Could not proxy command to remote server. Original error: Error: socket hang up (WARNING: The server did not provide any stacktrace information)
Command duration or timeout: 9.14 seconds
Build info: version: '3.0.1', revision: '1969d75', time: '2016-10-18 09:49:13 -0700'
System info: host: 'HW1819.local', ip: '10.99.99.7', os.name: 'Mac OS X', os.arch: 'x86_64', os.version: '10.11.6', java.version: '1.8.0_65'
Driver info: io.appium.java_client.ios.IOSDriver
Capabilities [{app=/Users/ctl-user/Documents/workspace_Flynas/Flynas/iOSApp/flynas-iOS-dotRez-build159.ipa, networkConnectionEnabled=false, noReset=true, bundleId=com.flynas.mobile, autoDismissAlerts=true, databaseEnabled=false, deviceName=MacBook Pro's iphone, launchTimeout=10000, platform=MAC, newCommandTimeout=8000, platformVersion=9.3.2, webStorageEnabled=false, locationContextEnabled=false, automationName=XCuiTest, browserName=, takesScreenshot=true, waitForAppScript=target.elements().length > 0; $.delay(8000); $.acceptAlert();, javascriptEnabled=true, platformName=iOS, udid=f307085770974962e9c9d2461d4d1fb33f3ad433}]
Session ID: a46e16ed-c16f-449d-8cdd-defe44022ead
	at sun.reflect.NativeConstructorAccessorImpl.newInstance0(Native Method)
	at sun.reflect.NativeConstructorAccessorImpl.newInstance(NativeConstructorAccessorImpl.java:62)
	at sun.reflect.DelegatingConstructorAccessorImpl.newInstance(DelegatingConstructorAccessorImpl.java:45)
	at java.lang.reflect.Constructor.newInstance(Constructor.java:422)
	at org.openqa.selenium.remote.ErrorHandler.createThrowable(ErrorHandler.java:216)
	at org.openqa.selenium.remote.ErrorHandler.throwIfResponseFailed(ErrorHandler.java:168)
	at org.openqa.selenium.remote.RemoteWebDriver.execute(RemoteWebDriver.java:635)
	at io.appium.java_client.DefaultGenericMobileDriver.execute(DefaultGenericMobileDriver.java:40)
	at io.appium.java_client.AppiumDriver.execute(AppiumDriver.java:235)
	at org.openqa.selenium.remote.RemoteWebDriver.getScreenshotAs(RemoteWebDriver.java:340)
	at com.ctaf.accelerators.ActionEngine.screenShot(ActionEngine.java:1808)
	at com.ctaf.utilities.Reporter.failureReport(Reporter.java:87)
	at flynas.ios.Prod.routes;.TC66_oneWayDomesticFlex_RUH_MED.TC_66_oneWayDomesticFlex_RUH_MED(TC66_oneWayDomesticFlex_RUH_MED.java:64)
	at sun.reflect.NativeMethodAccessorImpl.invoke0(Native Method)
	at sun.reflect.NativeMethodAccessorImpl.invoke(NativeMethodAccessorImpl.java:62)
	at sun.reflect.DelegatingMethodAccessorImpl.invoke(DelegatingMethodAccessorImpl.java:43)
	at java.lang.reflect.Method.invoke(Method.java:497)
	at org.testng.internal.MethodInvocationHelper.invokeMethod(MethodInvocationHelper.java:80)
	at org.testng.internal.Invoker.invokeMethod(Invoker.java:714)
	at org.testng.internal.Invoker.invokeTestMethod(Invoker.java:901)
	at org.testng.internal.Invoker.invokeTestMethods(Invoker.java:1231)
	at org.testng.internal.TestMethodWorker.invokeTestMethods(TestMethodWorker.java:127)
	at org.testng.internal.TestMethodWorker.run(TestMethodWorker.java:111)
	at org.testng.TestRunner.privateRun(TestRunner.java:767)
	at org.testng.TestRunner.run(TestRunner.java:617)
	at org.testng.SuiteRunner.runTest(SuiteRunner.java:334)
	at org.testng.SuiteRunner.runSequentially(SuiteRunner.java:329)
	at org.testng.SuiteRunner.privateRun(SuiteRunner.java:291)
	at org.testng.SuiteRunner.run(SuiteRunner.java:240)
	at org.testng.SuiteRunnerWorker.runSuite(SuiteRunnerWorker.java:52)
	at org.testng.SuiteRunnerWorker.run(SuiteRunnerWorker.java:86)
	at org.testng.TestNG.runSuitesSequentially(TestNG.java:1198)
	at org.testng.TestNG.runSuitesLocally(TestNG.java:1123)
	at org.testng.TestNG.run(TestNG.java:1031)
	at org.testng.remote.AbstractRemoteTestNG.run(AbstractRemoteTestNG.java:132)
	at org.testng.remote.RemoteTestNG.initAndRun(RemoteTestNG.java:230)
	at org.testng.remote.RemoteTestNG.main(RemoteTestNG.java:76)
]]>
    </failure>
  </testcase> <!-- TC_66_oneWayDomesticFlex_RUH_MED -->
</testsuite> <!-- flynas.ios.Prod.routes;.TC66_oneWayDomesticFlex_RUH_MED -->
